<?xml version="1.0" encoding="UTF-8"?><testsuite errors="0" failures="0" name="com.bestbuy.storeinfo.DataDrivenStoreTest" skipped="0" tests="15" time="2.39" timestamp="2023-06-07T01:46:21.988+01:00[Europe/London]"><testcase classname="com.bestbuy.storeinfo.DataDrivenStoreTest" name="This test will create a new store record"/><testcase classname="com.bestbuy.storeinfo.DataDrivenStoreTest" name="This test will verify the new created store information"/><testcase classname="com.bestbuy.storeinfo.DataDrivenStoreTest" name="This test will delete store information"/></testsuite>