<?xml version="1.0" encoding="UTF-8"?><testsuite errors="0" failures="0" name="com.bestbuy.storeinfo.StoreCRUDTest" skipped="0" tests="5" time="0.25" timestamp="2023-06-07T01:46:22.540+01:00[Europe/London]"><testcase classname="com.bestbuy.storeinfo.StoreCRUDTest" name="This test will return all the store information "/><testcase classname="com.bestbuy.storeinfo.StoreCRUDTest" name="This test will create a new store record"/><testcase classname="com.bestbuy.storeinfo.StoreCRUDTest" name="This test will verify the new created store information"/><testcase classname="com.bestbuy.storeinfo.StoreCRUDTest" name="This test will update store information"/><testcase classname="com.bestbuy.storeinfo.StoreCRUDTest" name="This test will delete store information"/></testsuite>